[2025-01-11T12:36:14.355+0000] {manager.py:483} INFO - Processing files using up to 1 processes at a time 
[2025-01-11T12:36:14.355+0000] {manager.py:484} INFO - Process each file at most once every 30 seconds
[2025-01-11T12:36:14.356+0000] {manager.py:485} INFO - Checking for new files in /home/alexfg2105/practica_creativa/resources/airflow/dags every 300 seconds
[2025-01-11T12:36:14.356+0000] {manager.py:821} INFO - Searching for files in /home/alexfg2105/practica_creativa/resources/airflow/dags
[2025-01-11T12:36:14.358+0000] {manager.py:824} INFO - There are 1 files in /home/alexfg2105/practica_creativa/resources/airflow/dags
[2025-01-11T12:36:14.811+0000] {manager.py:997} INFO - 
================================================================================
DAG File Processing Stats

File Path                                                           PID    Runtime      # DAGs    # Errors  Last Runtime    Last Run               Last # of DB Queries
------------------------------------------------------------------  -----  ---------  --------  ----------  --------------  -------------------  ----------------------
/home/alexfg2105/practica_creativa/resources/airflow/dags/train.py                           1           0  0.41s           2025-01-11T12:36:14                      43
================================================================================
[2025-01-11T12:36:45.890+0000] {manager.py:997} INFO - 
================================================================================
DAG File Processing Stats

File Path                                                           PID    Runtime      # DAGs    # Errors  Last Runtime    Last Run               Last # of DB Queries
------------------------------------------------------------------  -----  ---------  --------  ----------  --------------  -------------------  ----------------------
/home/alexfg2105/practica_creativa/resources/airflow/dags/train.py                           1           0  0.21s           2025-01-11T12:36:45                      10
================================================================================
[2025-01-11T12:41:13.519+0000] {manager.py:465} INFO - Exiting gracefully upon receiving signal 15
[2025-01-11T12:41:13.747+0000] {manager.py:483} INFO - Processing files using up to 1 processes at a time 
[2025-01-11T12:41:13.748+0000] {manager.py:484} INFO - Process each file at most once every 30 seconds
[2025-01-11T12:41:13.748+0000] {manager.py:485} INFO - Checking for new files in /home/alexfg2105/practica_creativa/resources/airflow/dags every 300 seconds
[2025-01-11T12:41:13.748+0000] {manager.py:821} INFO - Searching for files in /home/alexfg2105/practica_creativa/resources/airflow/dags
[2025-01-11T12:41:13.751+0000] {manager.py:824} INFO - There are 1 files in /home/alexfg2105/practica_creativa/resources/airflow/dags
[2025-01-11T12:41:14.000+0000] {manager.py:997} INFO - 
================================================================================
DAG File Processing Stats

File Path                                                           PID    Runtime      # DAGs    # Errors  Last Runtime    Last Run               Last # of DB Queries
------------------------------------------------------------------  -----  ---------  --------  ----------  --------------  -------------------  ----------------------
/home/alexfg2105/practica_creativa/resources/airflow/dags/train.py                           1           0  0.21s           2025-01-11T12:41:13                      10
================================================================================
[2025-01-11T12:41:45.233+0000] {manager.py:997} INFO - 
================================================================================
DAG File Processing Stats

File Path                                                           PID    Runtime      # DAGs    # Errors  Last Runtime    Last Run               Last # of DB Queries
------------------------------------------------------------------  -----  ---------  --------  ----------  --------------  -------------------  ----------------------
/home/alexfg2105/practica_creativa/resources/airflow/dags/train.py                           1           0  0.21s           2025-01-11T12:41:45                      10
================================================================================
[2025-01-11T12:42:15.534+0000] {manager.py:997} INFO - 
================================================================================
DAG File Processing Stats

File Path                                                           PID    Runtime      # DAGs    # Errors  Last Runtime    Last Run               Last # of DB Queries
------------------------------------------------------------------  -----  ---------  --------  ----------  --------------  -------------------  ----------------------
/home/alexfg2105/practica_creativa/resources/airflow/dags/train.py                           1           0  0.21s           2025-01-11T12:42:15                      10
================================================================================
[2025-01-11T12:42:26.207+0000] {manager.py:465} INFO - Exiting gracefully upon receiving signal 15
[2025-01-11T12:45:21.268+0000] {manager.py:483} INFO - Processing files using up to 2 processes at a time 
[2025-01-11T12:45:21.274+0000] {manager.py:484} INFO - Process each file at most once every 30 seconds
[2025-01-11T12:45:21.274+0000] {manager.py:485} INFO - Checking for new files in /opt/airflow/dags every 300 seconds
[2025-01-11T12:45:21.275+0000] {manager.py:821} INFO - Searching for files in /opt/airflow/dags
[2025-01-11T12:45:21.282+0000] {manager.py:824} INFO - There are 1 files in /opt/airflow/dags
[2025-01-11T12:45:21.454+0000] {manager.py:997} INFO - 
================================================================================
DAG File Processing Stats

File Path                     PID  Runtime      # DAGs    # Errors  Last Runtime    Last Run      Last # of DB Queries
--------------------------  -----  ---------  --------  ----------  --------------  ----------  ----------------------
/opt/airflow/dags/train.py     37  0.08s             0           0                                                   0
================================================================================
[2025-01-11T12:45:51.638+0000] {manager.py:997} INFO - 
================================================================================
DAG File Processing Stats

File Path                   PID    Runtime      # DAGs    # Errors  Last Runtime    Last Run               Last # of DB Queries
--------------------------  -----  ---------  --------  ----------  --------------  -------------------  ----------------------
/opt/airflow/dags/train.py                           1           0  0.81s           2025-01-11T12:45:22                      43
================================================================================
[2025-01-11T12:46:21.710+0000] {manager.py:997} INFO - 
================================================================================
DAG File Processing Stats

File Path                   PID    Runtime      # DAGs    # Errors  Last Runtime    Last Run               Last # of DB Queries
--------------------------  -----  ---------  --------  ----------  --------------  -------------------  ----------------------
/opt/airflow/dags/train.py                           1           0  0.18s           2025-01-11T12:45:52                      10
================================================================================
[2025-01-11T12:46:51.959+0000] {manager.py:997} INFO - 
================================================================================
DAG File Processing Stats

File Path                   PID    Runtime      # DAGs    # Errors  Last Runtime    Last Run               Last # of DB Queries
--------------------------  -----  ---------  --------  ----------  --------------  -------------------  ----------------------
/opt/airflow/dags/train.py                           1           0  0.16s           2025-01-11T12:46:22                      10
================================================================================
[2025-01-11T12:47:22.183+0000] {manager.py:997} INFO - 
================================================================================
DAG File Processing Stats

File Path                   PID    Runtime      # DAGs    # Errors  Last Runtime    Last Run               Last # of DB Queries
--------------------------  -----  ---------  --------  ----------  --------------  -------------------  ----------------------
/opt/airflow/dags/train.py                           1           0  0.17s           2025-01-11T12:46:53                      10
================================================================================
[2025-01-11T12:47:52.514+0000] {manager.py:997} INFO - 
================================================================================
DAG File Processing Stats

File Path                   PID    Runtime      # DAGs    # Errors  Last Runtime    Last Run               Last # of DB Queries
--------------------------  -----  ---------  --------  ----------  --------------  -------------------  ----------------------
/opt/airflow/dags/train.py                           1           0  0.15s           2025-01-11T12:47:23                      10
================================================================================
[2025-01-11T12:48:22.752+0000] {manager.py:997} INFO - 
================================================================================
DAG File Processing Stats

File Path                   PID    Runtime      # DAGs    # Errors  Last Runtime    Last Run               Last # of DB Queries
--------------------------  -----  ---------  --------  ----------  --------------  -------------------  ----------------------
/opt/airflow/dags/train.py                           1           0  0.22s           2025-01-11T12:47:53                      10
================================================================================
[2025-01-11T12:48:52.961+0000] {manager.py:997} INFO - 
================================================================================
DAG File Processing Stats

File Path                   PID    Runtime      # DAGs    # Errors  Last Runtime    Last Run               Last # of DB Queries
--------------------------  -----  ---------  --------  ----------  --------------  -------------------  ----------------------
/opt/airflow/dags/train.py                           1           0  0.15s           2025-01-11T12:48:23                      10
================================================================================
[2025-01-11T12:49:23.304+0000] {manager.py:997} INFO - 
================================================================================
DAG File Processing Stats

File Path                   PID    Runtime      # DAGs    # Errors  Last Runtime    Last Run               Last # of DB Queries
--------------------------  -----  ---------  --------  ----------  --------------  -------------------  ----------------------
/opt/airflow/dags/train.py                           1           0  0.24s           2025-01-11T12:48:54                      10
================================================================================
[2025-01-11T12:49:53.605+0000] {manager.py:997} INFO - 
================================================================================
DAG File Processing Stats

File Path                   PID    Runtime      # DAGs    # Errors  Last Runtime    Last Run               Last # of DB Queries
--------------------------  -----  ---------  --------  ----------  --------------  -------------------  ----------------------
/opt/airflow/dags/train.py                           1           0  0.18s           2025-01-11T12:49:24                      10
================================================================================
[2025-01-11T12:50:21.886+0000] {manager.py:821} INFO - Searching for files in /opt/airflow/dags
[2025-01-11T12:50:21.888+0000] {manager.py:824} INFO - There are 1 files in /opt/airflow/dags
[2025-01-11T12:50:23.915+0000] {manager.py:997} INFO - 
================================================================================
DAG File Processing Stats

File Path                   PID    Runtime      # DAGs    # Errors  Last Runtime    Last Run               Last # of DB Queries
--------------------------  -----  ---------  --------  ----------  --------------  -------------------  ----------------------
/opt/airflow/dags/train.py                           1           0  0.24s           2025-01-11T12:49:54                      10
================================================================================
[2025-01-11T12:50:54.245+0000] {manager.py:997} INFO - 
================================================================================
DAG File Processing Stats

File Path                   PID    Runtime      # DAGs    # Errors  Last Runtime    Last Run               Last # of DB Queries
--------------------------  -----  ---------  --------  ----------  --------------  -------------------  ----------------------
/opt/airflow/dags/train.py                           1           0  0.45s           2025-01-11T12:50:25                      10
================================================================================
[2025-01-11T12:51:15.331+0000] {manager.py:465} INFO - Exiting gracefully upon receiving signal 15
